https://www.tiktok.com/@tiktok/video/6800084007208963333
https://www.tiktok.com/@tiktok/video/6814682312941243653
https://www.tiktok.com/@tiktok/video/Nope
https://www.tiktok.com/@tiktok/video/Nope
https://www.tiktok.com/@tiktok/video/Nope
https://www.tiktok.com/@tiktok/video/6822068053560364293
https://www.tiktok.com/@tiktok/video/6814682312941243653
https://www.tiktok.com/@tiktok/video/6823269471373757702
https://www.tiktok.com/@tiktok/video/6823269471373757702
https://www.tiktok.com/@tiktok/video/6823269471373757702
https://www.tiktok.com/@tiktok/video/6823269471373757702
https://www.tiktok.com/@tiktok/video/undefined
https://www.tiktok.com/@tiktok/video/undefined
https://www.tiktok.com/@tiktok/video/undefined
https://www.tiktok.com/@tiktok/video/undefined
https://www.tiktok.com/@tiktok/video/undefined,1588687199739
https://www.tiktok.com/@tiktok/video/undefined,1588687200934
https://www.tiktok.com/@tiktok/video/6823237549302025478,1588768883499
https://www.tiktok.com/@tiktok/video/6823237549302025478,1588768883499
https://www.tiktok.com/@tiktok/video/6823237549302025478,1588769308474
https://www.tiktok.com/@tiktok/video/6823237549302025478,1588769308474
https://www.tiktok.com/@tiktok/video/6821592815340997893,1588769319961
https://www.tiktok.com/@tiktok/video/6820913345328057605,1588769365437
https://www.tiktok.com/@tiktok/video/6820913345328057605,1588769365437
https://www.tiktok.com/@tiktok/video/6820913345328057605,1588769438809
https://www.tiktok.com/@tiktok/video/6820913345328057605,1588769438809
https://www.tiktok.com/@tiktok/video/6815313204424494341,1588769719792
https://www.tiktok.com/@tiktok/video/6815313204424494341,1588769719792
https://www.tiktok.com/@tiktok/video/6815313204424494341,1588769725592
https://www.tiktok.com/@tiktok/video/6815313204424494341,1588769725592
https://www.tiktok.com/@tiktok/video/6814503729417424134,1588769850601
https://www.tiktok.com/@tiktok/video/6814503729417424134,1588769850601
